build/app/intermediates/manifest_merge_blame_file/debug/manifest-merger-blame-debug-report.txt
1<?xml version="1.0" encoding="utf-8"?>
2<manifest xmlns:android="http://schemas.android.com/apk/res/android"
3    package="org.syvl.meet_you_there.meet_you_there"
4    android:versionCode="1"
5    android:versionName="1.0.0" >
6
7    <uses-sdk
8        android:minSdkVersion="21"
9        android:targetSdkVersion="34" />
10    <!--
11         The INTERNET permission is required for development. Specifically,
12         the Flutter tool needs it to communicate with the running application
13         to allow setting breakpoints, to provide hot reload, etc.
14    -->
15    <uses-permission android:name="android.permission.INTERNET" />
15-->src\debug\AndroidManifest.xml:6:5-66
15-->src\debug\AndroidManifest.xml:6:22-64
16    <!--
17     Required to query activities that can process text, see:
18         https://developer.android.com/training/package-visibility and
19         https://developer.android.com/reference/android/content/Intent#ACTION_PROCESS_TEXT.
20
21         In particular, this is used by the Flutter engine in io.flutter.plugin.text.ProcessTextPlugin.
22    -->
23    <queries>
23-->src\main\AndroidManifest.xml:39:5-44:15
24        <intent>
24-->src\main\AndroidManifest.xml:40:9-43:18
25            <action android:name="android.intent.action.PROCESS_TEXT" />
25-->src\main\AndroidManifest.xml:41:13-72
25-->src\main\AndroidManifest.xml:41:21-70
26
27            <data android:mimeType="text/plain" />
27-->src\main\AndroidManifest.xml:42:13-50
27-->src\main\AndroidManifest.xml:42:19-48
28        </intent>
29    </queries>
30
31    <uses-permission android:name="android.permission.VIBRATE" />
31-->[:flutter_local_notifications] AndroidManifest.xml:7:5-66
31-->[:flutter_local_notifications] AndroidManifest.xml:7:22-63
32    <uses-permission android:name="android.permission.POST_NOTIFICATIONS" /> <!-- Although the *SdkVersion is captured in gradle build files, this is required for non gradle builds -->
32-->[:flutter_local_notifications] AndroidManifest.xml:8:5-77
32-->[:flutter_local_notifications] AndroidManifest.xml:8:22-74
33    <!-- <uses-sdk android:minSdkVersion="21" /> -->
34    <uses-permission android:name="android.permission.ACCESS_NETWORK_STATE" />
34-->[com.google.firebase:firebase-firestore:25.1.1] AndroidManifest.xml:10:5-79
34-->[com.google.firebase:firebase-firestore:25.1.1] AndroidManifest.xml:10:22-76
35
36    <permission
36-->[androidx.core:core:1.13.1] AndroidManifest.xml:22:5-24:47
37        android:name="org.syvl.meet_you_there.meet_you_there.DYNAMIC_RECEIVER_NOT_EXPORTED_PERMISSION"
37-->[androidx.core:core:1.13.1] AndroidManifest.xml:23:9-81
38        android:protectionLevel="signature" />
38-->[androidx.core:core:1.13.1] AndroidManifest.xml:24:9-44
39
40    <uses-permission android:name="org.syvl.meet_you_there.meet_you_there.DYNAMIC_RECEIVER_NOT_EXPORTED_PERMISSION" />
40-->[androidx.core:core:1.13.1] AndroidManifest.xml:26:5-97
40-->[androidx.core:core:1.13.1] AndroidManifest.xml:26:22-94
41
42    <application
43        android:name="android.app.Application"
44        android:appComponentFactory="androidx.core.app.CoreComponentFactory"
44-->[androidx.core:core:1.13.1] AndroidManifest.xml:28:18-86
45        android:debuggable="true"
46        android:extractNativeLibs="true"
47        android:icon="@mipmap/ic_launcher"
48        android:label="meet_you_there" >
49        <activity
50            android:name="org.syvl.meet_you_there.meet_you_there.MainActivity"
51            android:configChanges="orientation|keyboardHidden|keyboard|screenSize|smallestScreenSize|locale|layoutDirection|fontScale|screenLayout|density|uiMode"
52            android:exported="true"
53            android:hardwareAccelerated="true"
54            android:launchMode="singleTop"
55            android:taskAffinity=""
56            android:theme="@style/LaunchTheme"
57            android:windowSoftInputMode="adjustResize" >
58
59            <!--
60                 Specifies an Android theme to apply to this Activity as soon as
61                 the Android process has started. This theme is visible to the user
62                 while the Flutter UI initializes. After that, this theme continues
63                 to determine the Window background behind the Flutter UI.
64            -->
65            <meta-data
66                android:name="io.flutter.embedding.android.NormalTheme"
67                android:resource="@style/NormalTheme" />
68
69            <intent-filter>
70                <action android:name="android.intent.action.MAIN" />
71
72                <category android:name="android.intent.category.LAUNCHER" />
73            </intent-filter>
74        </activity>
75        <!--
76             Don't delete the meta-data below.
77             This is used by the Flutter tool to generate GeneratedPluginRegistrant.java
78        -->
79        <meta-data
80            android:name="flutterEmbedding"
81            android:value="2" />
82
83        <service
83-->[:cloud_firestore] AndroidManifest.xml:8:9-12:19
84            android:name="com.google.firebase.components.ComponentDiscoveryService"
84-->[:cloud_firestore] AndroidManifest.xml:8:18-89
85            android:directBootAware="true"
85-->[com.google.firebase:firebase-common:21.0.0] AndroidManifest.xml:32:13-43
86            android:exported="false" >
86-->[com.google.firebase:firebase-firestore:25.1.1] AndroidManifest.xml:16:13-37
87            <meta-data
87-->[:cloud_firestore] AndroidManifest.xml:9:13-11:85
88                android:name="com.google.firebase.components:io.flutter.plugins.firebase.firestore.FlutterFirebaseFirestoreRegistrar"
88-->[:cloud_firestore] AndroidManifest.xml:10:17-134
89                android:value="com.google.firebase.components.ComponentRegistrar" />
89-->[:cloud_firestore] AndroidManifest.xml:11:17-82
90            <meta-data
90-->[:firebase_core] AndroidManifest.xml:9:13-11:85
91                android:name="com.google.firebase.components:io.flutter.plugins.firebase.core.FlutterFirebaseCoreRegistrar"
91-->[:firebase_core] AndroidManifest.xml:10:17-124
92                android:value="com.google.firebase.components.ComponentRegistrar" />
92-->[:firebase_core] AndroidManifest.xml:11:17-82
93            <meta-data
93-->[com.google.firebase:firebase-firestore:25.1.1] AndroidManifest.xml:17:13-19:85
94                android:name="com.google.firebase.components:com.google.firebase.firestore.FirebaseFirestoreKtxRegistrar"
94-->[com.google.firebase:firebase-firestore:25.1.1] AndroidManifest.xml:18:17-122
95                android:value="com.google.firebase.components.ComponentRegistrar" />
95-->[com.google.firebase:firebase-firestore:25.1.1] AndroidManifest.xml:19:17-82
96            <meta-data
96-->[com.google.firebase:firebase-firestore:25.1.1] AndroidManifest.xml:20:13-22:85
97                android:name="com.google.firebase.components:com.google.firebase.firestore.FirestoreRegistrar"
97-->[com.google.firebase:firebase-firestore:25.1.1] AndroidManifest.xml:21:17-111
98                android:value="com.google.firebase.components.ComponentRegistrar" />
98-->[com.google.firebase:firebase-firestore:25.1.1] AndroidManifest.xml:22:17-82
99            <meta-data
99-->[com.google.firebase:firebase-common-ktx:21.0.0] AndroidManifest.xml:12:13-14:85
100                android:name="com.google.firebase.components:com.google.firebase.ktx.FirebaseCommonLegacyRegistrar"
100-->[com.google.firebase:firebase-common-ktx:21.0.0] AndroidManifest.xml:13:17-116
101                android:value="com.google.firebase.components.ComponentRegistrar" />
101-->[com.google.firebase:firebase-common-ktx:21.0.0] AndroidManifest.xml:14:17-82
102            <meta-data
102-->[com.google.firebase:firebase-common:21.0.0] AndroidManifest.xml:35:13-37:85
103                android:name="com.google.firebase.components:com.google.firebase.FirebaseCommonKtxRegistrar"
103-->[com.google.firebase:firebase-common:21.0.0] AndroidManifest.xml:36:17-109
104                android:value="com.google.firebase.components.ComponentRegistrar" />
104-->[com.google.firebase:firebase-common:21.0.0] AndroidManifest.xml:37:17-82
105        </service>
106        <service
106-->[:geolocator_android] AndroidManifest.xml:8:9-12:56
107            android:name="com.baseflow.geolocator.GeolocatorLocationService"
107-->[:geolocator_android] AndroidManifest.xml:9:13-77
108            android:enabled="true"
108-->[:geolocator_android] AndroidManifest.xml:10:13-35
109            android:exported="false"
109-->[:geolocator_android] AndroidManifest.xml:11:13-37
110            android:foregroundServiceType="location" />
110-->[:geolocator_android] AndroidManifest.xml:12:13-53
111
112        <uses-library
112-->[androidx.window:window:1.2.0] AndroidManifest.xml:23:9-25:40
113            android:name="androidx.window.extensions"
113-->[androidx.window:window:1.2.0] AndroidManifest.xml:24:13-54
114            android:required="false" />
114-->[androidx.window:window:1.2.0] AndroidManifest.xml:25:13-37
115        <uses-library
115-->[androidx.window:window:1.2.0] AndroidManifest.xml:26:9-28:40
116            android:name="androidx.window.sidecar"
116-->[androidx.window:window:1.2.0] AndroidManifest.xml:27:13-51
117            android:required="false" />
117-->[androidx.window:window:1.2.0] AndroidManifest.xml:28:13-37
118
119        <activity
119-->[com.google.android.gms:play-services-base:18.3.0] AndroidManifest.xml:20:9-22:45
120            android:name="com.google.android.gms.common.api.GoogleApiActivity"
120-->[com.google.android.gms:play-services-base:18.3.0] AndroidManifest.xml:20:19-85
121            android:exported="false"
121-->[com.google.android.gms:play-services-base:18.3.0] AndroidManifest.xml:22:19-43
122            android:theme="@android:style/Theme.Translucent.NoTitleBar" />
122-->[com.google.android.gms:play-services-base:18.3.0] AndroidManifest.xml:21:19-78
123
124        <provider
124-->[com.google.firebase:firebase-common:21.0.0] AndroidManifest.xml:23:9-28:39
125            android:name="com.google.firebase.provider.FirebaseInitProvider"
125-->[com.google.firebase:firebase-common:21.0.0] AndroidManifest.xml:24:13-77
126            android:authorities="org.syvl.meet_you_there.meet_you_there.firebaseinitprovider"
126-->[com.google.firebase:firebase-common:21.0.0] AndroidManifest.xml:25:13-72
127            android:directBootAware="true"
127-->[com.google.firebase:firebase-common:21.0.0] AndroidManifest.xml:26:13-43
128            android:exported="false"
128-->[com.google.firebase:firebase-common:21.0.0] AndroidManifest.xml:27:13-37
129            android:initOrder="100" />
129-->[com.google.firebase:firebase-common:21.0.0] AndroidManifest.xml:28:13-36
130
131        <meta-data
131-->[com.google.android.gms:play-services-basement:18.3.0] AndroidManifest.xml:21:9-23:69
132            android:name="com.google.android.gms.version"
132-->[com.google.android.gms:play-services-basement:18.3.0] AndroidManifest.xml:22:13-58
133            android:value="@integer/google_play_services_version" />
133-->[com.google.android.gms:play-services-basement:18.3.0] AndroidManifest.xml:23:13-66
134
135        <provider
135-->[androidx.lifecycle:lifecycle-process:2.7.0] AndroidManifest.xml:24:9-32:20
136            android:name="androidx.startup.InitializationProvider"
136-->[androidx.lifecycle:lifecycle-process:2.7.0] AndroidManifest.xml:25:13-67
137            android:authorities="org.syvl.meet_you_there.meet_you_there.androidx-startup"
137-->[androidx.lifecycle:lifecycle-process:2.7.0] AndroidManifest.xml:26:13-68
138            android:exported="false" >
138-->[androidx.lifecycle:lifecycle-process:2.7.0] AndroidManifest.xml:27:13-37
139            <meta-data
139-->[androidx.lifecycle:lifecycle-process:2.7.0] AndroidManifest.xml:29:13-31:52
140                android:name="androidx.lifecycle.ProcessLifecycleInitializer"
140-->[androidx.lifecycle:lifecycle-process:2.7.0] AndroidManifest.xml:30:17-78
141                android:value="androidx.startup" />
141-->[androidx.lifecycle:lifecycle-process:2.7.0] AndroidManifest.xml:31:17-49
142            <meta-data
142-->[androidx.profileinstaller:profileinstaller:1.3.1] AndroidManifest.xml:29:13-31:52
143                android:name="androidx.profileinstaller.ProfileInstallerInitializer"
143-->[androidx.profileinstaller:profileinstaller:1.3.1] AndroidManifest.xml:30:17-85
144                android:value="androidx.startup" />
144-->[androidx.profileinstaller:profileinstaller:1.3.1] AndroidManifest.xml:31:17-49
145        </provider>
146
147        <receiver
147-->[androidx.profileinstaller:profileinstaller:1.3.1] AndroidManifest.xml:34:9-52:20
148            android:name="androidx.profileinstaller.ProfileInstallReceiver"
148-->[androidx.profileinstaller:profileinstaller:1.3.1] AndroidManifest.xml:35:13-76
149            android:directBootAware="false"
149-->[androidx.profileinstaller:profileinstaller:1.3.1] AndroidManifest.xml:36:13-44
150            android:enabled="true"
150-->[androidx.profileinstaller:profileinstaller:1.3.1] AndroidManifest.xml:37:13-35
151            android:exported="true"
151-->[androidx.profileinstaller:profileinstaller:1.3.1] AndroidManifest.xml:38:13-36
152            android:permission="android.permission.DUMP" >
152-->[androidx.profileinstaller:profileinstaller:1.3.1] AndroidManifest.xml:39:13-57
153            <intent-filter>
153-->[androidx.profileinstaller:profileinstaller:1.3.1] AndroidManifest.xml:40:13-42:29
154                <action android:name="androidx.profileinstaller.action.INSTALL_PROFILE" />
154-->[androidx.profileinstaller:profileinstaller:1.3.1] AndroidManifest.xml:41:17-91
154-->[androidx.profileinstaller:profileinstaller:1.3.1] AndroidManifest.xml:41:25-88
155            </intent-filter>
156            <intent-filter>
156-->[androidx.profileinstaller:profileinstaller:1.3.1] AndroidManifest.xml:43:13-45:29
157                <action android:name="androidx.profileinstaller.action.SKIP_FILE" />
157-->[androidx.profileinstaller:profileinstaller:1.3.1] AndroidManifest.xml:44:17-85
157-->[androidx.profileinstaller:profileinstaller:1.3.1] AndroidManifest.xml:44:25-82
158            </intent-filter>
159            <intent-filter>
159-->[androidx.profileinstaller:profileinstaller:1.3.1] AndroidManifest.xml:46:13-48:29
160                <action android:name="androidx.profileinstaller.action.SAVE_PROFILE" />
160-->[androidx.profileinstaller:profileinstaller:1.3.1] AndroidManifest.xml:47:17-88
160-->[androidx.profileinstaller:profileinstaller:1.3.1] AndroidManifest.xml:47:25-85
161            </intent-filter>
162            <intent-filter>
162-->[androidx.profileinstaller:profileinstaller:1.3.1] AndroidManifest.xml:49:13-51:29
163                <action android:name="androidx.profileinstaller.action.BENCHMARK_OPERATION" />
163-->[androidx.profileinstaller:profileinstaller:1.3.1] AndroidManifest.xml:50:17-95
163-->[androidx.profileinstaller:profileinstaller:1.3.1] AndroidManifest.xml:50:25-92
164            </intent-filter>
165        </receiver>
166    </application>
167
168</manifest>